<?xml version="1.0" encoding="UTF-8"?>
<coverage generated="1733644342871" clover="3.2.0">
  <project timestamp="1733644342871" name="All files">
    <metrics statements="9" coveredstatements="0" conditionals="0" coveredconditionals="0" methods="0" coveredmethods="0" elements="9" coveredelements="0" complexity="0" loc="9" ncloc="9" packages="1" files="3" classes="3"/>
    <file name="auth.routes.js" path="/home/raspberrysleuth/CHAT-APP/backend/routes/auth.routes.js">
      <metrics statements="4" coveredstatements="0" conditionals="0" coveredconditionals="0" methods="0" coveredmethods="0"/>
      <line num="5" count="0" type="stmt"/>
      <line num="7" count="0" type="stmt"/>
      <line num="9" count="0" type="stmt"/>
      <line num="11" count="0" type="stmt"/>
    </file>
    <file name="message.routes.js" path="/home/raspberrysleuth/CHAT-APP/backend/routes/message.routes.js">
      <metrics statements="3" coveredstatements="0" conditionals="0" coveredconditionals="0" methods="0" coveredmethods="0"/>
      <line num="5" count="0" type="stmt"/>
      <line num="7" count="0" type="stmt"/>
      <line num="9" count="0" type="stmt"/>
    </file>
    <file name="user.routes.js" path="/home/raspberrysleuth/CHAT-APP/backend/routes/user.routes.js">
      <metrics statements="2" coveredstatements="0" conditionals="0" coveredconditionals="0" methods="0" coveredmethods="0"/>
      <line num="5" count="0" type="stmt"/>
      <line num="7" count="0" type="stmt"/>
    </file>
  </project>
</coverage>
